<?xml version="1.0" encoding="UTF-8"?>
<!-- Generated by org.testng.reporters.JUnitReportReporter -->
<testsuite skipped="0" hostname="LAPTOP-TFC4TLPM" name="orderofexec.TestCaseB" tests="6" failures="0" timestamp="10 Sep 2019 04:41:39 GMT" time="0.028" errors="0">
  <testcase name="test2" time="0.004" classname="orderofexec.TestCaseB"/>
  <testcase name="test4" time="0.008" classname="orderofexec.TestCaseB"/>
  <testcase name="test5" time="0.004" classname="orderofexec.TestCaseB"/>
  <testcase name="test6" time="0.000" classname="orderofexec.TestCaseB"/>
  <testcase name="test3" time="0.004" classname="orderofexec.TestCaseB"/>
  <testcase name="test1" time="0.008" classname="orderofexec.TestCaseB"/>
</testsuite> <!-- orderofexec.TestCaseB -->
