<?xml version="1.0" encoding="UTF-8"?>
<!-- Generated by org.testng.reporters.JUnitReportReporter -->
<testsuite skipped="0" hostname="LAPTOP-TFC4TLPM" name="testng.TestStores" tests="1" failures="0" timestamp="06 Sep 2019 11:05:42 GMT" time="20.979" errors="0">
  <testcase name="getStoreMaps" time="20.979" classname="testng.TestStores"/>
</testsuite> <!-- testng.TestStores -->
