<?xml version="1.0" encoding="UTF-8"?>
<!-- Generated by org.testng.reporters.JUnitReportReporter -->
<testsuite skipped="0" hostname="LAPTOP-TFC4TLPM" name="testng.TestStoreTitle" tests="1" failures="0" timestamp="06 Sep 2019 11:25:33 GMT" time="17.491" errors="0">
  <testcase name="verifyTitle" time="17.491" classname="testng.TestStoreTitle"/>
</testsuite> <!-- testng.TestStoreTitle -->
