<?xml version="1.0" encoding="UTF-8"?>
<!-- Generated by org.testng.reporters.JUnitReportReporter -->
<testsuite skipped="0" hostname="LAPTOP-TFC4TLPM" name="testng.TestWithParameter" tests="2" failures="0" timestamp="11 Sep 2019 09:45:32 GMT" time="36.238" errors="0">
  <testcase name="DemoA" time="11.235" classname="testng.TestWithParameter"/>
  <testcase name="DemoA" time="25.003" classname="testng.TestWithParameter"/>
</testsuite> <!-- testng.TestWithParameter -->
