<?xml version="1.0" encoding="UTF-8"?>
<!-- Generated by org.testng.reporters.JUnitReportReporter -->
<testsuite skipped="0" hostname="LAPTOP-TFC4TLPM" name="testng_actitime.BaseactiTest" tests="1" failures="0" timestamp="09 Sep 2019 07:24:24 GMT" time="2.102" errors="0">
  <testcase name="aeforeClass" time="2.102" classname="testng_actitime.BaseactiTest"/>
</testsuite> <!-- testng_actitime.BaseactiTest -->
