<?xml version="1.0" encoding="UTF-8"?>
<!-- Generated by org.testng.reporters.JUnitReportReporter -->
<testsuite skipped="0" hostname="LAPTOP-TFC4TLPM" name="testng.orderofexec.TestCaseB" tests="6" failures="0" timestamp="11 Sep 2019 08:43:20 GMT" time="0.146" errors="0">
  <testcase name="test5" time="0.011" classname="testng.orderofexec.TestCaseB"/>
  <testcase name="test6" time="0.009" classname="testng.orderofexec.TestCaseB"/>
  <testcase name="test2" time="0.043" classname="testng.orderofexec.TestCaseB"/>
  <testcase name="test3" time="0.016" classname="testng.orderofexec.TestCaseB"/>
  <testcase name="test1" time="0.031" classname="testng.orderofexec.TestCaseB"/>
  <testcase name="test4" time="0.036" classname="testng.orderofexec.TestCaseB"/>
</testsuite> <!-- testng.orderofexec.TestCaseB -->
