<?xml version="1.0" encoding="UTF-8"?>
<!-- Generated by org.testng.reporters.JUnitReportReporter -->
<testsuite skipped="0" hostname="LAPTOP-TFC4TLPM" name="orderofexec.TestCasesA" tests="3" failures="0" timestamp="10 Sep 2019 04:33:20 GMT" time="0.007" errors="0">
  <testcase name="testc" time="0.002" classname="orderofexec.TestCasesA"/>
  <testcase name="testd" time="0.002" classname="orderofexec.TestCasesA"/>
  <testcase name="testb" time="0.003" classname="orderofexec.TestCasesA"/>
</testsuite> <!-- orderofexec.TestCasesA -->
