<?xml version="1.0" encoding="UTF-8"?>
<!-- Generated by org.testng.reporters.JUnitReportReporter -->
<testsuite skipped="0" hostname="LAPTOP-TFC4TLPM" name="testng.Flat5PercentageOff" tests="1" failures="0" timestamp="09 Sep 2019 05:16:45 GMT" time="29.119" errors="0">
  <testcase name="displayOfFlat5Percent" time="29.119" classname="testng.Flat5PercentageOff"/>
</testsuite> <!-- testng.Flat5PercentageOff -->
