<?xml version="1.0" encoding="UTF-8"?>
<!-- Generated by org.testng.reporters.JUnitReportReporter -->
<testsuite skipped="0" hostname="LAPTOP-TFC4TLPM" name="testng.bulestoneScenarios.Flat5OffSc11Test" tests="1" failures="0" timestamp="12 Sep 2019 04:49:12 GMT" time="42.340" errors="0">
  <testcase name="displayOfFlat5Percent" time="42.340" classname="testng.bulestoneScenarios.Flat5OffSc11Test"/>
</testsuite> <!-- testng.bulestoneScenarios.Flat5OffSc11Test -->
